\BOOKMARK [1][-]{section.1}{The Internship}{}% 1
\BOOKMARK [2][-]{subsection.1.1}{Acknowledgements}{section.1}% 2
\BOOKMARK [2][-]{subsection.1.2}{NavStik}{section.1}% 3
\BOOKMARK [2][-]{subsection.1.3}{My Curriculum}{section.1}% 4
\BOOKMARK [1][-]{section.2}{Introduction}{}% 5
\BOOKMARK [2][-]{subsection.2.1}{General Problem and Current situation}{section.2}% 6
\BOOKMARK [2][-]{subsection.2.2}{Objective and Scope of the Project}{section.2}% 7
\BOOKMARK [2][-]{subsection.2.3}{Basic Approach and Final Picture}{section.2}% 8
\BOOKMARK [3][-]{subsubsection.2.3.1}{Telemetry Link from UAV}{subsection.2.3}% 9
\BOOKMARK [3][-]{subsubsection.2.3.2}{Video Stream from UAV}{subsection.2.3}% 10
\BOOKMARK [1][-]{section.3}{Literature Review}{}% 11
\BOOKMARK [1][-]{section.4}{Methodology,Design and architecture}{}% 12
\BOOKMARK [2][-]{subsection.4.1}{Telemetry Link from UAV}{section.4}% 13
\BOOKMARK [2][-]{subsection.4.2}{Video Downlink from UAV}{section.4}% 14
\BOOKMARK [3][-]{subsubsection.4.2.1}{Implementation On UAV}{subsection.4.2}% 15
\BOOKMARK [3][-]{subsubsection.4.2.2}{Implementation on the Server}{subsection.4.2}% 16
\BOOKMARK [3][-]{subsubsection.4.2.3}{Implementation On the Client}{subsection.4.2}% 17
\BOOKMARK [1][-]{section.5}{Tests and Results}{}% 18
\BOOKMARK [2][-]{subsection.5.1}{Telemetry link Experiments}{section.5}% 19
\BOOKMARK [2][-]{subsection.5.2}{Video Downlink Experiments}{section.5}% 20
\BOOKMARK [1][-]{section.6}{Evaluation and Discussion}{}% 21
\BOOKMARK [1][-]{section.7}{Further Improvements}{}% 22
\BOOKMARK [1][-]{section.8}{Conclusion}{}% 23
\BOOKMARK [1][-]{section.9}{References}{}% 24
