This is pdfTeX, Version 3.1415926-2.5-1.40.14 (TeX Live 2013/Debian) (format=pdflatex 2014.5.26)  11 JUL 2014 15:17
entering extended mode
 restricted \write18 enabled.
 %&-line parsing enabled.
**navstikreport.tex
(./navstikreport.tex
LaTeX2e <2011/06/27>
Babel <3.9h> and hyphenation patterns for 78 languages loaded.
(/usr/share/texlive/texmf-dist/tex/latex/base/article.cls
Document Class: article 2007/10/19 v1.4h Standard LaTeX document class
(/usr/share/texlive/texmf-dist/tex/latex/base/size12.clo
File: size12.clo 2007/10/19 v1.4h Standard LaTeX file (size option)
)
\c@part=\count79
\c@section=\count80
\c@subsection=\count81
\c@subsubsection=\count82
\c@paragraph=\count83
\c@subparagraph=\count84
\c@figure=\count85
\c@table=\count86
\abovecaptionskip=\skip41
\belowcaptionskip=\skip42
\bibindent=\dimen102
)
(/usr/share/texlive/texmf-dist/tex/latex/hyperref/hyperref.sty
Package: hyperref 2012/11/06 v6.83m Hypertext links for LaTeX

(/usr/share/texlive/texmf-dist/tex/generic/oberdiek/hobsub-hyperref.sty
Package: hobsub-hyperref 2012/05/28 v1.13 Bundle oberdiek, subset hyperref (HO)


(/usr/share/texlive/texmf-dist/tex/generic/oberdiek/hobsub-generic.sty
Package: hobsub-generic 2012/05/28 v1.13 Bundle oberdiek, subset generic (HO)
Package: hobsub 2012/05/28 v1.13 Construct package bundles (HO)
Package: infwarerr 2010/04/08 v1.3 Providing info/warning/error messages (HO)
Package: ltxcmds 2011/11/09 v1.22 LaTeX kernel commands for general use (HO)
Package: ifluatex 2010/03/01 v1.3 Provides the ifluatex switch (HO)
Package ifluatex Info: LuaTeX not detected.
Package: ifvtex 2010/03/01 v1.5 Detect VTeX and its facilities (HO)
Package ifvtex Info: VTeX not detected.
Package: intcalc 2007/09/27 v1.1 Expandable calculations with integers (HO)
Package: ifpdf 2011/01/30 v2.3 Provides the ifpdf switch (HO)
Package ifpdf Info: pdfTeX in PDF mode is detected.
Package: etexcmds 2011/02/16 v1.5 Avoid name clashes with e-TeX commands (HO)
Package etexcmds Info: Could not find \expanded.
(etexcmds)             That can mean that you are not using pdfTeX 1.50 or
(etexcmds)             that some package has redefined \expanded.
(etexcmds)             In the latter case, load this package earlier.
Package: kvsetkeys 2012/04/25 v1.16 Key value parser (HO)
Package: kvdefinekeys 2011/04/07 v1.3 Define keys (HO)
Package: pdftexcmds 2011/11/29 v0.20 Utility functions of pdfTeX for LuaTeX (HO
)
Package pdftexcmds Info: LuaTeX not detected.
Package pdftexcmds Info: \pdf@primitive is available.
Package pdftexcmds Info: \pdf@ifprimitive is available.
Package pdftexcmds Info: \pdfdraftmode found.
Package: pdfescape 2011/11/25 v1.13 Implements pdfTeX's escape features (HO)
Package: bigintcalc 2012/04/08 v1.3 Expandable calculations on big integers (HO
)
Package: bitset 2011/01/30 v1.1 Handle bit-vector datatype (HO)
Package: uniquecounter 2011/01/30 v1.2 Provide unlimited unique counter (HO)
)
Package hobsub Info: Skipping package `hobsub' (already loaded).
Package: letltxmacro 2010/09/02 v1.4 Let assignment for LaTeX macros (HO)
Package: hopatch 2012/05/28 v1.2 Wrapper for package hooks (HO)
Package: xcolor-patch 2011/01/30 xcolor patch
Package: atveryend 2011/06/30 v1.8 Hooks at the very end of document (HO)
Package atveryend Info: \enddocument detected (standard20110627).
Package: atbegshi 2011/10/05 v1.16 At begin shipout hook (HO)
Package: refcount 2011/10/16 v3.4 Data extraction from label references (HO)
Package: hycolor 2011/01/30 v1.7 Color options for hyperref/bookmark (HO)
)
(/usr/share/texlive/texmf-dist/tex/latex/graphics/keyval.sty
Package: keyval 1999/03/16 v1.13 key=value parser (DPC)
\KV@toks@=\toks14
)
(/usr/share/texlive/texmf-dist/tex/generic/ifxetex/ifxetex.sty
Package: ifxetex 2010/09/12 v0.6 Provides ifxetex conditional
)
(/usr/share/texlive/texmf-dist/tex/latex/oberdiek/auxhook.sty
Package: auxhook 2011/03/04 v1.3 Hooks for auxiliary files (HO)
)
(/usr/share/texlive/texmf-dist/tex/latex/oberdiek/kvoptions.sty
Package: kvoptions 2011/06/30 v3.11 Key value format for package options (HO)
)
\@linkdim=\dimen103
\Hy@linkcounter=\count87
\Hy@pagecounter=\count88

(/usr/share/texlive/texmf-dist/tex/latex/hyperref/pd1enc.def
File: pd1enc.def 2012/11/06 v6.83m Hyperref: PDFDocEncoding definition (HO)
)
\Hy@SavedSpaceFactor=\count89

(/usr/share/texlive/texmf-dist/tex/latex/latexconfig/hyperref.cfg
File: hyperref.cfg 2002/06/06 v1.2 hyperref configuration of TeXLive
)
Package hyperref Info: Hyper figures OFF on input line 4443.
Package hyperref Info: Link nesting OFF on input line 4448.
Package hyperref Info: Hyper index ON on input line 4451.
Package hyperref Info: Plain pages OFF on input line 4458.
Package hyperref Info: Backreferencing OFF on input line 4463.
Package hyperref Info: Implicit mode ON; LaTeX internals redefined.
Package hyperref Info: Bookmarks ON on input line 4688.
\c@Hy@tempcnt=\count90

(/usr/share/texlive/texmf-dist/tex/latex/url/url.sty
\Urlmuskip=\muskip10
Package: url 2013/09/16  ver 3.4  Verb mode for urls, etc.
)
LaTeX Info: Redefining \url on input line 5041.
\XeTeXLinkMargin=\dimen104
\Fld@menulength=\count91
\Field@Width=\dimen105
\Fld@charsize=\dimen106
Package hyperref Info: Hyper figures OFF on input line 6295.
Package hyperref Info: Link nesting OFF on input line 6300.
Package hyperref Info: Hyper index ON on input line 6303.
Package hyperref Info: backreferencing OFF on input line 6310.
Package hyperref Info: Link coloring OFF on input line 6315.
Package hyperref Info: Link coloring with OCG OFF on input line 6320.
Package hyperref Info: PDF/A mode OFF on input line 6325.
LaTeX Info: Redefining \ref on input line 6365.
LaTeX Info: Redefining \pageref on input line 6369.
\Hy@abspage=\count92
\c@Item=\count93
\c@Hfootnote=\count94
)

Package hyperref Message: Driver (autodetected): hpdftex.

(/usr/share/texlive/texmf-dist/tex/latex/hyperref/hpdftex.def
File: hpdftex.def 2012/11/06 v6.83m Hyperref driver for pdfTeX
\Fld@listcount=\count95
\c@bookmark@seq@number=\count96

(/usr/share/texlive/texmf-dist/tex/latex/oberdiek/rerunfilecheck.sty
Package: rerunfilecheck 2011/04/15 v1.7 Rerun checks for auxiliary files (HO)
Package uniquecounter Info: New unique counter `rerunfilecheck' on input line 2
82.
)
\Hy@SectionHShift=\skip43
)
Package hyperref Info: Option `colorlinks' set `true' on input line 10.

(/usr/share/texlive/texmf-dist/tex/latex/algorithms/algorithm.sty
Package: algorithm 2009/08/24 v0.1 Document Style `algorithm' - floating enviro
nment

(/usr/share/texlive/texmf-dist/tex/latex/float/float.sty
Package: float 2001/11/08 v1.3d Float enhancements (AL)
\c@float@type=\count97
\float@exts=\toks15
\float@box=\box26
\@float@everytoks=\toks16
\@floatcapt=\box27
)
(/usr/share/texlive/texmf-dist/tex/latex/base/ifthen.sty
Package: ifthen 2001/05/26 v1.1c Standard LaTeX ifthen package (DPC)
)
\@float@every@algorithm=\toks17
\c@algorithm=\count98
)
(/usr/share/texlive/texmf-dist/tex/latex/algorithms/algorithmic.sty
Package: algorithmic 2009/08/24 v0.1 Document Style `algorithmic'
\c@ALC@unique=\count99
\c@ALC@line=\count100
\c@ALC@rem=\count101
\c@ALC@depth=\count102
\ALC@tlm=\skip44
\algorithmicindent=\skip45
)
(/usr/share/texlive/texmf-dist/tex/latex/graphics/graphicx.sty
Package: graphicx 1999/02/16 v1.0f Enhanced LaTeX Graphics (DPC,SPQR)

(/usr/share/texlive/texmf-dist/tex/latex/graphics/graphics.sty
Package: graphics 2009/02/05 v1.0o Standard LaTeX Graphics (DPC,SPQR)

(/usr/share/texlive/texmf-dist/tex/latex/graphics/trig.sty
Package: trig 1999/03/16 v1.09 sin cos tan (DPC)
)
(/usr/share/texlive/texmf-dist/tex/latex/latexconfig/graphics.cfg
File: graphics.cfg 2010/04/23 v1.9 graphics configuration of TeX Live
)
Package graphics Info: Driver file: pdftex.def on input line 91.

(/usr/share/texlive/texmf-dist/tex/latex/pdftex-def/pdftex.def
File: pdftex.def 2011/05/27 v0.06d Graphics/color for pdfTeX
\Gread@gobject=\count103
))
\Gin@req@height=\dimen107
\Gin@req@width=\dimen108
)
(/usr/share/texlive/texmf-dist/tex/latex/amsmath/amsmath.sty
Package: amsmath 2013/01/14 v2.14 AMS math features
\@mathmargin=\skip46

For additional information on amsmath, use the `?' option.
(/usr/share/texlive/texmf-dist/tex/latex/amsmath/amstext.sty
Package: amstext 2000/06/29 v2.01

(/usr/share/texlive/texmf-dist/tex/latex/amsmath/amsgen.sty
File: amsgen.sty 1999/11/30 v2.0
\@emptytoks=\toks18
\ex@=\dimen109
))
(/usr/share/texlive/texmf-dist/tex/latex/amsmath/amsbsy.sty
Package: amsbsy 1999/11/29 v1.2d
\pmbraise@=\dimen110
)
(/usr/share/texlive/texmf-dist/tex/latex/amsmath/amsopn.sty
Package: amsopn 1999/12/14 v2.01 operator names
)
\inf@bad=\count104
LaTeX Info: Redefining \frac on input line 210.
\uproot@=\count105
\leftroot@=\count106
LaTeX Info: Redefining \overline on input line 306.
\classnum@=\count107
\DOTSCASE@=\count108
LaTeX Info: Redefining \ldots on input line 378.
LaTeX Info: Redefining \dots on input line 381.
LaTeX Info: Redefining \cdots on input line 466.
\Mathstrutbox@=\box28
\strutbox@=\box29
\big@size=\dimen111
LaTeX Font Info:    Redeclaring font encoding OML on input line 566.
LaTeX Font Info:    Redeclaring font encoding OMS on input line 567.
\macc@depth=\count109
\c@MaxMatrixCols=\count110
\dotsspace@=\muskip11
\c@parentequation=\count111
\dspbrk@lvl=\count112
\tag@help=\toks19
\row@=\count113
\column@=\count114
\maxfields@=\count115
\andhelp@=\toks20
\eqnshift@=\dimen112
\alignsep@=\dimen113
\tagshift@=\dimen114
\tagwidth@=\dimen115
\totwidth@=\dimen116
\lineht@=\dimen117
\@envbody=\toks21
\multlinegap=\skip47
\multlinetaggap=\skip48
\mathdisplay@stack=\toks22
LaTeX Info: Redefining \[ on input line 2665.
LaTeX Info: Redefining \] on input line 2666.
)
(/usr/share/texlive/texmf-dist/tex/latex/relsize/relsize.sty
Package: relsize 2013/03/29 ver 4.1
)
(./navstikreport.aux

LaTeX Warning: Label `overflow' multiply defined.


LaTeX Warning: Label `overflow' multiply defined.


LaTeX Warning: Label `overflow' multiply defined.


LaTeX Warning: Label `overflow' multiply defined.


LaTeX Warning: Label `overflow' multiply defined.


LaTeX Warning: Label `overflow' multiply defined.


LaTeX Warning: Label `overflow' multiply defined.

)
\openout1 = `navstikreport.aux'.

LaTeX Font Info:    Checking defaults for OML/cmm/m/it on input line 18.
LaTeX Font Info:    ... okay on input line 18.
LaTeX Font Info:    Checking defaults for T1/cmr/m/n on input line 18.
LaTeX Font Info:    ... okay on input line 18.
LaTeX Font Info:    Checking defaults for OT1/cmr/m/n on input line 18.
LaTeX Font Info:    ... okay on input line 18.
LaTeX Font Info:    Checking defaults for OMS/cmsy/m/n on input line 18.
LaTeX Font Info:    ... okay on input line 18.
LaTeX Font Info:    Checking defaults for OMX/cmex/m/n on input line 18.
LaTeX Font Info:    ... okay on input line 18.
LaTeX Font Info:    Checking defaults for U/cmr/m/n on input line 18.
LaTeX Font Info:    ... okay on input line 18.
LaTeX Font Info:    Checking defaults for PD1/pdf/m/n on input line 18.
LaTeX Font Info:    ... okay on input line 18.
\AtBeginShipoutBox=\box30
 (/usr/share/texlive/texmf-dist/tex/latex/graphics/color.sty
Package: color 2005/11/14 v1.0j Standard LaTeX Color (DPC)

(/usr/share/texlive/texmf-dist/tex/latex/latexconfig/color.cfg
File: color.cfg 2007/01/18 v1.5 color configuration of teTeX/TeXLive
)
Package color Info: Driver file: pdftex.def on input line 130.
)
Package hyperref Info: Link coloring ON on input line 18.

(/usr/share/texlive/texmf-dist/tex/latex/hyperref/nameref.sty
Package: nameref 2012/10/27 v2.43 Cross-referencing by name of section

(/usr/share/texlive/texmf-dist/tex/generic/oberdiek/gettitlestring.sty
Package: gettitlestring 2010/12/03 v1.4 Cleanup title references (HO)
)
\c@section@level=\count116
)
LaTeX Info: Redefining \ref on input line 18.
LaTeX Info: Redefining \pageref on input line 18.
LaTeX Info: Redefining \nameref on input line 18.

(./navstikreport.out) (./navstikreport.out)
\@outlinefile=\write3
\openout3 = `navstikreport.out'.


(/usr/share/texlive/texmf-dist/tex/context/base/supp-pdf.mkii
[Loading MPS to PDF converter (version 2006.09.02).]
\scratchcounter=\count117
\scratchdimen=\dimen118
\scratchbox=\box31
\nofMPsegments=\count118
\nofMParguments=\count119
\everyMPshowfont=\toks23
\MPscratchCnt=\count120
\MPscratchDim=\dimen119
\MPnumerator=\count121
\makeMPintoPDFobject=\count122
\everyMPtoPDFconversion=\toks24
) (/usr/share/texlive/texmf-dist/tex/latex/oberdiek/epstopdf-base.sty
Package: epstopdf-base 2010/02/09 v2.5 Base part for package epstopdf

(/usr/share/texlive/texmf-dist/tex/latex/oberdiek/grfext.sty
Package: grfext 2010/08/19 v1.1 Manage graphics extensions (HO)
)
Package grfext Info: Graphics extension search list:
(grfext)             [.png,.pdf,.jpg,.mps,.jpeg,.jbig2,.jb2,.PNG,.PDF,.JPG,.JPE
G,.JBIG2,.JB2,.eps]
(grfext)             \AppendGraphicsExtensions on input line 452.

(/usr/share/texlive/texmf-dist/tex/latex/latexconfig/epstopdf-sys.cfg
File: epstopdf-sys.cfg 2010/07/13 v1.3 Configuration of (r)epstopdf for TeX Liv
e
))
Underfull \hbox (badness 10000) in paragraph at lines 20--22

 []


Underfull \hbox (badness 10000) in paragraph at lines 20--22

 []


Underfull \hbox (badness 10000) in paragraph at lines 20--22

 []


Underfull \hbox (badness 10000) in paragraph at lines 20--22

 []


Underfull \hbox (badness 10000) in paragraph at lines 20--22

 []


Underfull \hbox (badness 10000) in paragraph at lines 20--22

 []


Underfull \hbox (badness 10000) in paragraph at lines 20--22

 []


Underfull \hbox (badness 10000) in paragraph at lines 20--22

 []


Underfull \hbox (badness 10000) in paragraph at lines 20--22

 []


LaTeX Font Warning: Font shape `OT1/cmr/bx/n' in size <30> not available
(Font)              size <24.88> substituted on input line 24.


Underfull \hbox (badness 10000) in paragraph at lines 27--29

 []


Underfull \hbox (badness 10000) in paragraph at lines 27--29

 []


Underfull \hbox (badness 10000) in paragraph at lines 27--29

 []


Underfull \hbox (badness 10000) in paragraph at lines 27--29

 []


Underfull \hbox (badness 10000) in paragraph at lines 27--29

 []


LaTeX Font Warning: Font shape `OT1/cmr/m/n' in size <18> not available
(Font)              size <17.28> substituted on input line 34.


LaTeX Font Warning: Font shape `OT1/cmr/m/n' in size <30> not available
(Font)              size <24.88> substituted on input line 38.

[1

{/var/lib/texmf/fonts/map/pdftex/updmap/pdftex.map}] (./navstikreport.toc)
\tf@toc=\write4
\openout4 = `navstikreport.toc'.


[1]
Underfull \hbox (badness 10000) in paragraph at lines 51--53

 []


Underfull \hbox (badness 10000) in paragraph at lines 54--54

 []

[2

]
Overfull \hbox (13.97498pt too wide) in paragraph at lines 62--64
\OT1/cmr/m/n/12 This project presents a sys-tem where Un-manned Au-tonomous Ve-
hi-cles (UAVs)'s
 []


Underfull \hbox (badness 10000) in paragraph at lines 81--91

 []


Underfull \hbox (badness 10000) in paragraph at lines 81--91

 []


Underfull \hbox (badness 10000) in paragraph at lines 81--91

 []


Underfull \hbox (badness 10000) in paragraph at lines 81--91

 []


Underfull \hbox (badness 10000) in paragraph at lines 81--91

 []

[3]
Overfull \hbox (2.15518pt too wide) in paragraph at lines 92--101
\OT1/cmr/m/n/12 To es-tab-lish Video Down-link ,on \OT1/cmr/bx/n/12 Hard-ware S
ide \OT1/cmr/m/n/12 we have a usb cam mounted
 []


Underfull \hbox (badness 10000) in paragraph at lines 92--101

 []


Underfull \hbox (badness 10000) in paragraph at lines 92--101

 []


Underfull \hbox (badness 10000) in paragraph at lines 92--101

 []


Underfull \hbox (badness 10000) in paragraph at lines 92--101

 []


Underfull \hbox (badness 10000) in paragraph at lines 92--101

 []

[4]
Underfull \hbox (badness 10000) in paragraph at lines 103--103

 []


Underfull \hbox (badness 10000) in paragraph at lines 104--104

 []


Overfull \hbox (0.54872pt too wide) in paragraph at lines 105--105
\OT1/cmr/m/n/12 ing im-age pro-cess-ing at both source and client which are not
 re-li-able.Moreover
 []


Underfull \hbox (badness 10000) in paragraph at lines 105--105

 []


Underfull \hbox (badness 10000) in paragraph at lines 105--105

 []


</media/dhruv/A242292C4229069F/DC/acads/Navstik/second.png, id=161, 901.3675pt 
x 200.75pt>
File: /media/dhruv/A242292C4229069F/DC/acads/Navstik/second.png Graphic file (t
ype png)
 <use /media/dhruv/A242292C4229069F/DC/acads/Navstik/second.png>
Package pdftex.def Info: /media/dhruv/A242292C4229069F/DC/acads/Navstik/second.
png used on input line 112.
(pdftex.def)             Requested size: 341.43306pt x 76.0438pt.

[5]
</media/dhruv/A242292C4229069F/DC/acads/Navstik/first.jpg, id=169, 1371.1225pt 
x 770.88pt>
File: /media/dhruv/A242292C4229069F/DC/acads/Navstik/first.jpg Graphic file (ty
pe jpg)
 <use /media/dhruv/A242292C4229069F/DC/acads/Navstik/first.jpg>
Package pdftex.def Info: /media/dhruv/A242292C4229069F/DC/acads/Navstik/first.j
pg used on input line 121.
(pdftex.def)             Requested size: 341.43306pt x 191.95496pt.

[6pdfTeX warning (ext4): destination with the same identifier (name{figure.1}) 
has been already used, duplicate ignored

\AtBegShi@Output ...ipout \box \AtBeginShipoutBox 
                                                  \fi \fi 
l.125 \newpage
              pdfTeX warning (ext4): destination with the same identifier (name
{figure.2}) has been already used, duplicate ignored

\AtBegShi@Output ...ipout \box \AtBeginShipoutBox 
                                                  \fi \fi 
l.125 \newpage
               </media/dhruv/A242292C4229069F/DC/acads/Navstik/second.png> </me
dia/dhruv/A242292C4229069F/DC/acads/Navstik/first.jpg>]
Overfull \hbox (31.947pt too wide) in paragraph at lines 128--133
\OT1/cmr/m/n/12 Here we would dis-cuss in de-tail the im-ple-men-ta-tion on eac
h side i.e autopilot,odroid-
 []


Underfull \hbox (badness 10000) in paragraph at lines 128--133

 []


Underfull \hbox (badness 10000) in paragraph at lines 128--133

 []


Underfull \hbox (badness 10000) in paragraph at lines 136--143

 []


Underfull \hbox (badness 10000) in paragraph at lines 136--143

 []

[7]
Underfull \hbox (badness 10000) in paragraph at lines 150--158

 []


Underfull \hbox (badness 10000) in paragraph at lines 150--158

 []


Underfull \hbox (badness 10000) in paragraph at lines 160--163

 []


Overfull \hbox (6.85185pt too wide) in paragraph at lines 160--163
| \OT1/cmr/m/it/12 sudo mavproxy.py - -master=/dev/ttyACM0 - -baud=57600 - -out
 server's IP:1234 
 []


Underfull \hbox (badness 10000) in paragraph at lines 160--163

 []


Overfull \hbox (2.23343pt too wide) in paragraph at lines 164--166
\OT1/cmr/m/n/12 teleme-try data from sev-eral UAVs and then send-ing it to any 
spe-cific client.We
 []

[8] [9]
</media/dhruv/A242292C4229069F/DC/acads/Navstik/flowchart.png, id=198, 476.5303
2pt x 408.77719pt>
File: /media/dhruv/A242292C4229069F/DC/acads/Navstik/flowchart.png Graphic file
 (type png)

<use /media/dhruv/A242292C4229069F/DC/acads/Navstik/flowchart.png>
Package pdftex.def Info: /media/dhruv/A242292C4229069F/DC/acads/Navstik/flowcha
rt.png used on input line 172.
(pdftex.def)             Requested size: 398.35587pt x 426.81482pt.

Overfull \hbox (8.35587pt too wide) in paragraph at lines 172--173
 [][] 
 []

[10pdfTeX warning (ext4): destination with the same identifier (name{figure.3})
 has been already used, duplicate ignored

\AtBegShi@Output ...ipout \box \AtBeginShipoutBox 
                                                  \fi \fi 
l.178 \newpage
               </media/dhruv/A242292C4229069F/DC/acads/Navstik/flowchart.png>]
Underfull \hbox (badness 10000) in paragraph at lines 179--181

 []


</media/dhruv/A242292C4229069F/DC/acads/Navstik/QGCS1.png, id=204, 770.88pt x 5
14.92375pt>
File: /media/dhruv/A242292C4229069F/DC/acads/Navstik/QGCS1.png Graphic file (ty
pe png)
 <use /media/dhruv/A242292C4229069F/DC/acads/Navstik/QGCS1.png>
Package pdftex.def Info: /media/dhruv/A242292C4229069F/DC/acads/Navstik/QGCS1.p
ng used on input line 184.
(pdftex.def)             Requested size: 341.43306pt x 228.06pt.

[11pdfTeX warning (ext4): destination with the same identifier (name{figure.4})
 has been already used, duplicate ignored

\AtBegShi@Output ...ipout \box \AtBeginShipoutBox 
                                                  \fi \fi 
l.188 \newpage
               </media/dhruv/A242292C4229069F/DC/acads/Navstik/QGCS1.png>]
</media/dhruv/A242292C4229069F/DC/acads/Navstik/QGCS2.png, id=211, 1298.8525pt 
x 659.46375pt>
File: /media/dhruv/A242292C4229069F/DC/acads/Navstik/QGCS2.png Graphic file (ty
pe png)
 <use /media/dhruv/A242292C4229069F/DC/acads/Navstik/QGCS2.png>
Package pdftex.def Info: /media/dhruv/A242292C4229069F/DC/acads/Navstik/QGCS2.p
ng used on input line 191.
(pdftex.def)             Requested size: 341.41963pt x 227.61586pt.

</media/dhruv/A242292C4229069F/DC/acads/Navstik/usbcam.jpg, id=212, 289.08pt x 
175.65625pt>
File: /media/dhruv/A242292C4229069F/DC/acads/Navstik/usbcam.jpg Graphic file (t
ype jpg)
 <use /media/dhruv/A242292C4229069F/DC/acads/Navstik/usbcam.jpg>
Package pdftex.def Info: /media/dhruv/A242292C4229069F/DC/acads/Navstik/usbcam.
jpg used on input line 201.
(pdftex.def)             Requested size: 170.71451pt x 113.81335pt.

[12pdfTeX warning (ext4): destination with the same identifier (name{figure.5})
 has been already used, duplicate ignored

\AtBegShi@Output ...ipout \box \AtBeginShipoutBox 
                                                  \fi \fi 
l.205 \newpage
              pdfTeX warning (ext4): destination with the same identifier (name
{figure.6}) has been already used, duplicate ignored

\AtBegShi@Output ...ipout \box \AtBeginShipoutBox 
                                                  \fi \fi 
l.205 \newpage
               </media/dhruv/A242292C4229069F/DC/acads/Navstik/QGCS2.png> </med
ia/dhruv/A242292C4229069F/DC/acads/Navstik/usbcam.jpg>]
Underfull \hbox (badness 10000) in paragraph at lines 215--218

 []


Overfull \hbox (0.42792pt too wide) in paragraph at lines 215--218
\OT1/cmr/m/it/12 cvlc v4l2:// :v4l2-vdev="/dev/video0" --sout '# transcode-v-co
dec=mp4v,
 []


Overfull \hbox (11.22801pt too wide) in paragraph at lines 215--218
\OT1/cmr/m/it/12 acodec=mpga,vb=800,ab=128,fps=29.97,width=640,height=480:stand
ard
 []


Underfull \hbox (badness 10000) in paragraph at lines 219--229

 []


Underfull \hbox (badness 10000) in paragraph at lines 219--229

 []


Underfull \hbox (badness 10000) in paragraph at lines 219--229

 []


Underfull \hbox (badness 10000) in paragraph at lines 219--229

 []


Underfull \hbox (badness 10000) in paragraph at lines 219--229

 []


Underfull \hbox (badness 10000) in paragraph at lines 219--229

 []


Overfull \hbox (23.49014pt too wide) in paragraph at lines 219--229
\OT1/cmr/bx/n/10.95 Streaming Pro-to-col:  \OT1/cmr/m/n/12 Sev-eral pro-to-cols
 are avail-able like RTP/UDP,RTSP, 
 []


Underfull \hbox (badness 10000) in paragraph at lines 219--229

 []


Underfull \hbox (badness 10000) in paragraph at lines 219--229

 []

[13]
Underfull \hbox (badness 10000) in paragraph at lines 232--234

 []

[14]
LaTeX Font Info:    Try loading font information for OML+cmr on input line 238.

 (/usr/share/texlive/texmf-dist/tex/latex/base/omlcmr.fd
File: omlcmr.fd 1999/05/25 v2.5h Standard LaTeX font definitions
)
LaTeX Font Info:    Font shape `OML/cmr/m/n' in size <12> not available
(Font)              Font shape `OML/cmm/m/it' tried instead on input line 238.

Underfull \hbox (badness 10000) in paragraph at lines 237--240

 []


Underfull \hbox (badness 10000) in paragraph at lines 241--242

 []

[15]
Underfull \hbox (badness 10000) in paragraph at lines 252--253

 []


Underfull \hbox (badness 10000) in paragraph at lines 252--253

 []


Underfull \hbox (badness 10000) in paragraph at lines 252--253

 []


Overfull \hbox (12.95554pt too wide) in paragraph at lines 254--255
\OT1/cmr/m/n/12 cess the stream of source1 by play-ing the net-work stream as h
ttp://server's
 []


Underfull \hbox (badness 10000) in paragraph at lines 254--255

 []

[16]
</media/dhruv/A242292C4229069F/DC/acads/Navstik/flowchart2.png, id=253, 464.485
3pt x 417.81094pt>
File: /media/dhruv/A242292C4229069F/DC/acads/Navstik/flowchart2.png Graphic fil
e (type png)

<use /media/dhruv/A242292C4229069F/DC/acads/Navstik/flowchart2.png>
Package pdftex.def Info: /media/dhruv/A242292C4229069F/DC/acads/Navstik/flowcha
rt2.png used on input line 261.
(pdftex.def)             Requested size: 398.35103pt x 426.81818pt.

Overfull \hbox (8.35103pt too wide) in paragraph at lines 261--262
 [][] 
 []

[17pdfTeX warning (ext4): destination with the same identifier (name{figure.7})
 has been already used, duplicate ignored

\AtBegShi@Output ...ipout \box \AtBeginShipoutBox 
                                                  \fi \fi 
l.270 \begin{enumerate}
                        </media/dhruv/A242292C4229069F/DC/acads/Navstik/flowcha
rt2.png>]
Overfull \hbox (0.67854pt too wide) in paragraph at lines 271--272
[]\OT1/cmr/bx/n/12 For Win-dows User: \OT1/cmr/m/n/12 Re-in-stall VLC and while
 in-stalling \OT1/cmr/bx/n/12 don't untick
 []


Underfull \hbox (badness 10000) in paragraph at lines 273--278

 []


</media/dhruv/A242292C4229069F/DC/acads/Navstik/Video_web.png, id=259, 1294.837
5pt x 674.52pt>
File: /media/dhruv/A242292C4229069F/DC/acads/Navstik/Video_web.png Graphic file
 (type png)

<use /media/dhruv/A242292C4229069F/DC/acads/Navstik/Video_web.png>
Package pdftex.def Info: /media/dhruv/A242292C4229069F/DC/acads/Navstik/Video_w
eb.png used on input line 281.
(pdftex.def)             Requested size: 341.43306pt x 177.8618pt.
 [18pdfTeX warning (ext4): destination with the same identifier (name{figure.8}
) has been already used, duplicate ignored

\AtBegShi@Output ...ipout \box \AtBeginShipoutBox 
                                                  \fi \fi 
l.285 \newpage
               </media/dhruv/A242292C4229069F/DC/acads/Navstik/Video_web.png>]
Underfull \hbox (badness 10000) in paragraph at lines 287--288

 []


Underfull \hbox (badness 10000) in paragraph at lines 289--290

 []


Overfull \hbox (41.14563pt too wide) in paragraph at lines 291--294
\OT1/cmr/m/n/12 toserver.c) which trans-fers UDP pack-ets to the server.Server(
oneonetelemetry.c)
 []


Underfull \hbox (badness 10000) in paragraph at lines 291--294

 []


Underfull \hbox (badness 10000) in paragraph at lines 291--294

 []


Underfull \hbox (badness 10000) in paragraph at lines 294--297

 []


Underfull \hbox (badness 10000) in paragraph at lines 297--300

 []

[19]
Underfull \hbox (badness 10000) in paragraph at lines 304--306

 []

[20]
Overfull \hbox (26.8743pt too wide) in paragraph at lines 316--317
[]\OT1/cmr/bx/n/12 Telemetry link \OT1/cmr/m/n/12 Us-ing Mavproxy on the server
 end works per-fectly.Moreover
 []

[21]
Underfull \hbox (badness 10000) in paragraph at lines 323--324

 []


Underfull \hbox (badness 10000) in paragraph at lines 324--325

 []


Underfull \hbox (badness 10000) in paragraph at lines 326--327

 []


Underfull \hbox (badness 10000) in paragraph at lines 327--328

 []


Underfull \hbox (badness 10000) in paragraph at lines 328--329

 []


Underfull \hbox (badness 10000) in paragraph at lines 329--330

 []

[22]
Underfull \hbox (badness 10000) in paragraph at lines 338--339
[][][]$\OT1/cmtt/m/n/12 http : / / www . cs . dartmouth . edu / []campbell / cs
60 /
 []

Missing character: There is no ‚ in font cmr12!
Missing character: There is no Ä in font cmr12!
Missing character: There is no ú in font cmr12!
Missing character: There is no ‚ in font cmr12!
Missing character: There is no Ä in font cmr12!
Missing character: There is no ù in font cmr12!
Package atveryend Info: Empty hook `BeforeClearDocument' on input line 361.
[23]
Package atveryend Info: Empty hook `AfterLastShipout' on input line 361.
 (./navstikreport.aux)
Package atveryend Info: Executing hook `AtVeryEndDocument' on input line 361.
Package atveryend Info: Executing hook `AtEndAfterFileList' on input line 361.
Package rerunfilecheck Info: File `navstikreport.out' has not changed.
(rerunfilecheck)             Checksum: D85F4C8DCB17942505C7F5DAB34C8720;1633.


LaTeX Font Warning: Size substitutions with differences
(Font)              up to 5.12pt have occurred.


LaTeX Warning: There were multiply-defined labels.

Package atveryend Info: Empty hook `AtVeryVeryEnd' on input line 361.
 ) 
Here is how much of TeX's memory you used:
 6181 strings out of 493304
 90059 string characters out of 6139871
 176207 words of memory out of 5000000
 9480 multiletter control sequences out of 15000+600000
 9998 words of font info for 36 fonts, out of 8000000 for 9000
 957 hyphenation exceptions out of 8191
 29i,7n,28p,694b,414s stack positions out of 5000i,500n,10000p,200000b,80000s
</usr/share/texlive/texmf-dist/fonts/type1/public/amsfonts/cm/cmbx10.pfb></us
r/share/texlive/texmf-dist/fonts/type1/public/amsfonts/cm/cmbx12.pfb></usr/shar
e/texlive/texmf-dist/fonts/type1/public/amsfonts/cm/cmmi12.pfb></usr/share/texl
ive/texmf-dist/fonts/type1/public/amsfonts/cm/cmr12.pfb></usr/share/texlive/tex
mf-dist/fonts/type1/public/amsfonts/cm/cmr17.pfb></usr/share/texlive/texmf-dist
/fonts/type1/public/amsfonts/cm/cmsy10.pfb></usr/share/texlive/texmf-dist/fonts
/type1/public/amsfonts/cm/cmti12.pfb></usr/share/texlive/texmf-dist/fonts/type1
/public/amsfonts/cm/cmtt12.pfb>
Output written on navstikreport.pdf (24 pages, 2873201 bytes).
PDF statistics:
 361 PDF objects out of 1000 (max. 8388607)
 311 compressed objects within 4 object streams
 94 named destinations out of 1000 (max. 500000)
 233 words of extra memory for PDF output out of 10000 (max. 10000000)

